#
# There is insufficient memory for the Java Runtime Environment to continue.
# Native memory allocation (malloc) failed to allocate 32744 bytes for ChunkPool::allocate
# Possible reasons:
#   The system is out of physical RAM or swap space
#   In 32 bit mode, the process size limit was hit
# Possible solutions:
#   Reduce memory load on the system
#   Increase physical memory or swap space
#   Check if swap backing store is full
#   Use 64 bit Java on a 64 bit OS
#   Decrease Java heap size (-Xmx/-Xms)
#   Decrease number of Java threads
#   Decrease Java thread stack sizes (-Xss)
#   Set larger code cache with -XX:ReservedCodeCacheSize=
# This output file may be truncated or incomplete.
#
#  Out of Memory Error (allocation.cpp:273), pid=12096, tid=0x0000000000002a20
#
# JRE version: Java(TM) SE Runtime Environment (8.0_152-b16) (build 1.8.0_152-b16)
# Java VM: Java HotSpot(TM) 64-Bit Server VM (25.152-b16 mixed mode windows-amd64 compressed oops)
# Failed to write core dump. Minidumps are not enabled by default on client versions of Windows
#

---------------  T H R E A D  ---------------

Current thread (0x0000000015b1f000):  JavaThread "restartedMain" [_thread_in_vm, id=10784, stack(0x0000000018490000,0x0000000018590000)]

Stack: [0x0000000018490000,0x0000000018590000]
[error occurred during error reporting (printing stack bounds), id 0xc0000005]

Native frames: (J=compiled Java code, j=interpreted, Vv=VM code, C=native code)

Java frames: (J=compiled Java code, j=interpreted, Vv=VM code)
J 970  java.lang.ClassLoader.defineClass1(Ljava/lang/String;[BIILjava/security/ProtectionDomain;Ljava/lang/String;)Ljava/lang/Class; (0 bytes) @ 0x0000000002c0f35f [0x0000000002c0f2c0+0x9f]
J 869 C1 java.lang.ClassLoader.defineClass(Ljava/lang/String;[BIILjava/security/ProtectionDomain;)Ljava/lang/Class; (43 bytes) @ 0x0000000002be38fc [0x0000000002be37e0+0x11c]
J 872 C1 java.net.URLClassLoader.defineClass(Ljava/lang/String;Lsun/misc/Resource;)Ljava/lang/Class; (142 bytes) @ 0x0000000002be6064 [0x0000000002be5660+0xa04]
J 709 C1 java.net.URLClassLoader$1.run()Ljava/lang/Class; (63 bytes) @ 0x0000000002b94b0c [0x0000000002b94a40+0xcc]
J 708 C1 java.net.URLClassLoader$1.run()Ljava/lang/Object; (5 bytes) @ 0x0000000002b9471c [0x0000000002b946e0+0x3c]
v  ~StubRoutines::call_stub
J 574  java.security.AccessController.doPrivileged(Ljava/security/PrivilegedExceptionAction;Ljava/security/AccessControlContext;)Ljava/lang/Object; (0 bytes) @ 0x0000000002b57be6 [0x0000000002b57b80+0x66]
J 706 C1 java.net.URLClassLoader.findClass(Ljava/lang/String;)Ljava/lang/Class; (47 bytes) @ 0x0000000002b93e1c [0x0000000002b93d60+0xbc]
j  java.lang.ClassLoader.loadClass(Ljava/lang/String;Z)Ljava/lang/Class;+70
J 672 C1 sun.misc.Launcher$AppClassLoader.loadClass(Ljava/lang/String;Z)Ljava/lang/Class; (85 bytes) @ 0x0000000002b7e234 [0x0000000002b7df40+0x2f4]
J 665 C1 java.lang.ClassLoader.loadClass(Ljava/lang/String;)Ljava/lang/Class; (7 bytes) @ 0x0000000002b798fc [0x0000000002b798a0+0x5c]
v  ~StubRoutines::call_stub
J 970  java.lang.ClassLoader.defineClass1(Ljava/lang/String;[BIILjava/security/ProtectionDomain;Ljava/lang/String;)Ljava/lang/Class; (0 bytes) @ 0x0000000002c0f35f [0x0000000002c0f2c0+0x9f]
J 869 C1 java.lang.ClassLoader.defineClass(Ljava/lang/String;[BIILjava/security/ProtectionDomain;)Ljava/lang/Class; (43 bytes) @ 0x0000000002be38fc [0x0000000002be37e0+0x11c]
J 872 C1 java.net.URLClassLoader.defineClass(Ljava/lang/String;Lsun/misc/Resource;)Ljava/lang/Class; (142 bytes) @ 0x0000000002be6064 [0x0000000002be5660+0xa04]
J 709 C1 java.net.URLClassLoader$1.run()Ljava/lang/Class; (63 bytes) @ 0x0000000002b94b0c [0x0000000002b94a40+0xcc]
J 708 C1 java.net.URLClassLoader$1.run()Ljava/lang/Object; (5 bytes) @ 0x0000000002b9471c [0x0000000002b946e0+0x3c]
v  ~StubRoutines::call_stub
J 574  java.security.AccessController.doPrivileged(Ljava/security/PrivilegedExceptionAction;Ljava/security/AccessControlContext;)Ljava/lang/Object; (0 bytes) @ 0x0000000002b57be6 [0x0000000002b57b80+0x66]
J 706 C1 java.net.URLClassLoader.findClass(Ljava/lang/String;)Ljava/lang/Class; (47 bytes) @ 0x0000000002b93e1c [0x0000000002b93d60+0xbc]
j  java.lang.ClassLoader.loadClass(Ljava/lang/String;Z)Ljava/lang/Class;+70
J 672 C1 sun.misc.Launcher$AppClassLoader.loadClass(Ljava/lang/String;Z)Ljava/lang/Class; (85 bytes) @ 0x0000000002b7e234 [0x0000000002b7df40+0x2f4]
J 665 C1 java.lang.ClassLoader.loadClass(Ljava/lang/String;)Ljava/lang/Class; (7 bytes) @ 0x0000000002b798fc [0x0000000002b798a0+0x5c]
v  ~StubRoutines::call_stub
j  oracle.jdbc.driver.OracleStatementWrapper.<clinit>()V+0
v  ~StubRoutines::call_stub
j  oracle.jdbc.driver.PhysicalConnection.createStatement(II)Ljava/sql/Statement;+38
j  oracle.jdbc.driver.PhysicalConnection.createStatement()Ljava/sql/Statement;+3
j  com.alibaba.druid.pool.vendor.OracleValidConnectionChecker.isValidConnection(Ljava/sql/Connection;Ljava/lang/String;I)Z+93
j  com.alibaba.druid.pool.DruidAbstractDataSource.validateConnection(Ljava/sql/Connection;)V+50
j  com.alibaba.druid.pool.DruidAbstractDataSource.createPhysicalConnection()Lcom/alibaba/druid/pool/DruidAbstractDataSource$PhysicalConnectionInfo;+290
j  com.alibaba.druid.pool.DruidDataSource.init()V+823
v  ~StubRoutines::call_stub
J 1629  sun.reflect.NativeMethodAccessorImpl.invoke0(Ljava/lang/reflect/Method;Ljava/lang/Object;[Ljava/lang/Object;)Ljava/lang/Object; (0 bytes) @ 0x0000000002d1f77f [0x0000000002d1f700+0x7f]
J 1628 C1 sun.reflect.NativeMethodAccessorImpl.invoke(Ljava/lang/Object;[Ljava/lang/Object;)Ljava/lang/Object; (104 bytes) @ 0x0000000002d1ee54 [0x0000000002d1eaa0+0x3b4]
J 1601 C1 sun.reflect.DelegatingMethodAccessorImpl.invoke(Ljava/lang/Object;[Ljava/lang/Object;)Ljava/lang/Object; (10 bytes) @ 0x0000000002d0f17c [0x0000000002d0f120+0x5c]
J 1600 C1 java.lang.reflect.Method.invoke(Ljava/lang/Object;[Ljava/lang/Object;)Ljava/lang/Object; (62 bytes) @ 0x0000000002d0ed4c [0x0000000002d0ec20+0x12c]
j  org.springframework.beans.factory.support.AbstractAutowireCapableBeanFactory.invokeCustomInitMethod(Ljava/lang/String;Ljava/lang/Object;Lorg/springframework/beans/factory/support/RootBeanDefinition;)V+297
j  org.springframework.beans.factory.support.AbstractAutowireCapableBeanFactory.invokeInitMethods(Ljava/lang/String;Ljava/lang/Object;Lorg/springframework/beans/factory/support/RootBeanDefinition;)V+167
j  org.springframework.beans.factory.support.AbstractAutowireCapableBeanFactory.initializeBean(Ljava/lang/String;Ljava/lang/Object;Lorg/springframework/beans/factory/support/RootBeanDefinition;)Ljava/lang/Object;+59
j  org.springframework.beans.factory.support.AbstractAutowireCapableBeanFactory.doCreateBean(Ljava/lang/String;Lorg/springframework/beans/factory/support/RootBeanDefinition;[Ljava/lang/Object;)Ljava/lang/Object;+245
j  org.springframework.beans.factory.support.AbstractAutowireCapableBeanFactory.createBean(Ljava/lang/String;Lorg/springframework/beans/factory/support/RootBeanDefinition;[Ljava/lang/Object;)Ljava/lang/Object;+169
j  org.springframework.beans.factory.support.AbstractBeanFactory.lambda$doGetBean$0(Ljava/lang/String;Lorg/springframework/beans/factory/support/RootBeanDefinition;[Ljava/lang/Object;)Ljava/lang/Object;+4
j  org.springframework.beans.factory.support.AbstractBeanFactory$$Lambda$141.getObject()Ljava/lang/Object;+16
j  org.springframework.beans.factory.support.DefaultSingletonBeanRegistry.getSingleton(Ljava/lang/String;Lorg/springframework/beans/factory/ObjectFactory;)Ljava/lang/Object;+132
j  org.springframework.beans.factory.support.AbstractBeanFactory.doGetBean(Ljava/lang/String;Ljava/lang/Class;[Ljava/lang/Object;Z)Ljava/lang/Object;+467
j  org.springframework.beans.factory.support.AbstractBeanFactory.getBean(Ljava/lang/String;)Ljava/lang/Object;+5
j  org.springframework.beans.factory.config.DependencyDescriptor.resolveCandidate(Ljava/lang/String;Ljava/lang/Class;Lorg/springframework/beans/factory/BeanFactory;)Ljava/lang/Object;+2
j  org.springframework.beans.factory.support.DefaultListableBeanFactory.doResolveDependency(Lorg/springframework/beans/factory/config/DependencyDescriptor;Ljava/lang/String;Ljava/util/Set;Lorg/springframework/beans/TypeConverter;)Ljava/lang/Object;+412
j  org.springframework.beans.factory.support.DefaultListableBeanFactory.resolveDependency(Lorg/springframework/beans/factory/config/DependencyDescriptor;Ljava/lang/String;Ljava/util/Set;Lorg/springframework/beans/TypeConverter;)Ljava/lang/Object;+108
j  org.springframework.beans.factory.support.ConstructorResolver.resolveAutowiredArgument(Lorg/springframework/core/MethodParameter;Ljava/lang/String;Ljava/util/Set;Lorg/springframework/beans/TypeConverter;Z)Ljava/lang/Object;+79
j  org.springframework.beans.factory.support.ConstructorResolver.createArgumentArray(Ljava/lang/String;Lorg/springframework/beans/factory/support/RootBeanDefinition;Lorg/springframework/beans/factory/config/ConstructorArgumentValues;Lorg/springframework/beans/BeanWrapper;[Ljava/lang/Class;[Ljava/lang/String;Ljava/lang/reflect/Executable;ZZ)Lorg/springframework/beans/factory/support/ConstructorResolver$ArgumentsHolder;+434
j  org.springframework.beans.factory.support.ConstructorResolver.instantiateUsingFactoryMethod(Ljava/lang/String;Lorg/springframework/beans/factory/support/RootBeanDefinition;[Ljava/lang/Object;)Lorg/springframework/beans/BeanWrapper;+674
j  org.springframework.beans.factory.support.AbstractAutowireCapableBeanFactory.instantiateUsingFactoryMethod(Ljava/lang/String;Lorg/springframework/beans/factory/support/RootBeanDefinition;[Ljava/lang/Object;)Lorg/springframework/beans/BeanWrapper;+11
j  org.springframework.beans.factory.support.AbstractAutowireCapableBeanFactory.createBeanInstance(Ljava/lang/String;Lorg/springframework/beans/factory/support/RootBeanDefinition;[Ljava/lang/Object;)Lorg/springframework/beans/BeanWrapper;+101
j  org.springframework.beans.factory.support.AbstractAutowireCapableBeanFactory.doCreateBean(Ljava/lang/String;Lorg/springframework/beans/factory/support/RootBeanDefinition;[Ljava/lang/Object;)Ljava/lang/Object;+34
j  org.springframework.beans.factory.support.AbstractAutowireCapableBeanFactory.createBean(Ljava/lang/String;Lorg/springframework/beans/factory/support/RootBeanDefinition;[Ljava/lang/Object;)Ljava/lang/Object;+169
j  org.springframework.beans.factory.support.AbstractBeanFactory.lambda$doGetBean$0(Ljava/lang/String;Lorg/springframework/beans/factory/support/RootBeanDefinition;[Ljava/lang/Object;)Ljava/lang/Object;+4
j  org.springframework.beans.factory.support.AbstractBeanFactory$$Lambda$141.getObject()Ljava/lang/Object;+16
j  org.springframework.beans.factory.support.DefaultSingletonBeanRegistry.getSingleton(Ljava/lang/String;Lorg/springframework/beans/factory/ObjectFactory;)Ljava/lang/Object;+132
j  org.springframework.beans.factory.support.AbstractBeanFactory.doGetBean(Ljava/lang/String;Ljava/lang/Class;[Ljava/lang/Object;Z)Ljava/lang/Object;+467
j  org.springframework.beans.factory.support.AbstractBeanFactory.getBean(Ljava/lang/String;)Ljava/lang/Object;+5
j  org.springframework.beans.factory.config.DependencyDescriptor.resolveCandidate(Ljava/lang/String;Ljava/lang/Class;Lorg/springframework/beans/factory/BeanFactory;)Ljava/lang/Object;+2
j  org.springframework.beans.factory.support.DefaultListableBeanFactory.doResolveDependency(Lorg/springframework/beans/factory/config/DependencyDescriptor;Ljava/lang/String;Ljava/util/Set;Lorg/springframework/beans/TypeConverter;)Ljava/lang/Object;+412
j  org.springframework.beans.factory.support.DefaultListableBeanFactory.resolveDependency(Lorg/springframework/beans/factory/config/DependencyDescriptor;Ljava/lang/String;Ljava/util/Set;Lorg/springframework/beans/TypeConverter;)Ljava/lang/Object;+108
j  org.springframework.beans.factory.support.AbstractAutowireCapableBeanFactory.autowireByType(Ljava/lang/String;Lorg/springframework/beans/factory/support/AbstractBeanDefinition;Lorg/springframework/beans/BeanWrapper;Lorg/springframework/beans/MutablePropertyValues;)V+128
j  org.springframework.beans.factory.support.AbstractAutowireCapableBeanFactory.populateBean(Ljava/lang/String;Lorg/springframework/beans/factory/support/RootBeanDefinition;Lorg/springframework/beans/BeanWrapper;)V+200
j  org.springframework.beans.factory.support.AbstractAutowireCapableBeanFactory.doCreateBean(Ljava/lang/String;Lorg/springframework/beans/factory/support/RootBeanDefinition;[Ljava/lang/Object;)Ljava/lang/Object;+237
j  org.springframework.beans.factory.support.AbstractAutowireCapableBeanFactory.createBean(Ljava/lang/String;Lorg/springframework/beans/factory/support/RootBeanDefinition;[Ljava/lang/Object;)Ljava/lang/Object;+169
j  org.springframework.beans.factory.support.AbstractBeanFactory.lambda$doGetBean$0(Ljava/lang/String;Lorg/springframework/beans/factory/support/RootBeanDefinition;[Ljava/lang/Object;)Ljava/lang/Object;+4
j  org.springframework.beans.factory.support.AbstractBeanFactory$$Lambda$141.getObject()Ljava/lang/Object;+16
j  org.springframework.beans.factory.support.DefaultSingletonBeanRegistry.getSingleton(Ljava/lang/String;Lorg/springframework/beans/factory/ObjectFactory;)Ljava/lang/Object;+132
j  org.springframework.beans.factory.support.AbstractBeanFactory.doGetBean(Ljava/lang/String;Ljava/lang/Class;[Ljava/lang/Object;Z)Ljava/lang/Object;+467
j  org.springframework.beans.factory.support.AbstractBeanFactory.getBean(Ljava/lang/String;)Ljava/lang/Object;+5
j  org.springframework.beans.factory.config.DependencyDescriptor.resolveCandidate(Ljava/lang/String;Ljava/lang/Class;Lorg/springframework/beans/factory/BeanFactory;)Ljava/lang/Object;+2
j  org.springframework.beans.factory.support.DefaultListableBeanFactory.doResolveDependency(Lorg/springframework/beans/factory/config/DependencyDescriptor;Ljava/lang/String;Ljava/util/Set;Lorg/springframework/beans/TypeConverter;)Ljava/lang/Object;+412
j  org.springframework.beans.factory.support.DefaultListableBeanFactory.resolveDependency(Lorg/springframework/beans/factory/config/DependencyDescriptor;Ljava/lang/String;Ljava/util/Set;Lorg/springframework/beans/TypeConverter;)Ljava/lang/Object;+108
j  org.springframework.beans.factory.annotation.AutowiredAnnotationBeanPostProcessor$AutowiredFieldElement.inject(Ljava/lang/Object;Ljava/lang/String;Lorg/springframework/beans/PropertyValues;)V+115
j  org.springframework.beans.factory.annotation.InjectionMetadata.inject(Ljava/lang/Object;Ljava/lang/String;Lorg/springframework/beans/PropertyValues;)V+116
j  org.springframework.beans.factory.annotation.AutowiredAnnotationBeanPostProcessor.postProcessProperties(Lorg/springframework/beans/PropertyValues;Ljava/lang/Object;Ljava/lang/String;)Lorg/springframework/beans/PropertyValues;+17
j  org.springframework.beans.factory.support.AbstractAutowireCapableBeanFactory.populateBean(Ljava/lang/String;Lorg/springframework/beans/factory/support/RootBeanDefinition;Lorg/springframework/beans/BeanWrapper;)V+305
j  org.springframework.beans.factory.support.AbstractAutowireCapableBeanFactory.doCreateBean(Ljava/lang/String;Lorg/springframework/beans/factory/support/RootBeanDefinition;[Ljava/lang/Object;)Ljava/lang/Object;+237
j  org.springframework.beans.factory.support.AbstractAutowireCapableBeanFactory.createBean(Ljava/lang/String;Lorg/springframework/beans/factory/support/RootBeanDefinition;[Ljava/lang/Object;)Ljava/lang/Object;+169
j  org.springframework.beans.factory.support.AbstractBeanFactory.lambda$doGetBean$0(Ljava/lang/String;Lorg/springframework/beans/factory/support/RootBeanDefinition;[Ljava/lang/Object;)Ljava/lang/Object;+4
j  org.springframework.beans.factory.support.AbstractBeanFactory$$Lambda$141.getObject()Ljava/lang/Object;+16
j  org.springframework.beans.factory.support.DefaultSingletonBeanRegistry.getSingleton(Ljava/lang/String;Lorg/springframework/beans/factory/ObjectFactory;)Ljava/lang/Object;+132
j  org.springframework.beans.factory.support.AbstractBeanFactory.doGetBean(Ljava/lang/String;Ljava/lang/Class;[Ljava/lang/Object;Z)Ljava/lang/Object;+467
j  org.springframework.beans.factory.support.AbstractBeanFactory.getBean(Ljava/lang/String;)Ljava/lang/Object;+5
j  org.springframework.beans.factory.config.DependencyDescriptor.resolveCandidate(Ljava/lang/String;Ljava/lang/Class;Lorg/springframework/beans/factory/BeanFactory;)Ljava/lang/Object;+2
j  org.springframework.beans.factory.support.DefaultListableBeanFactory.doResolveDependency(Lorg/springframework/beans/factory/config/DependencyDescriptor;Ljava/lang/String;Ljava/util/Set;Lorg/springframework/beans/TypeConverter;)Ljava/lang/Object;+412
j  org.springframework.beans.factory.support.DefaultListableBeanFactory.resolveDependency(Lorg/springframework/beans/factory/config/DependencyDescriptor;Ljava/lang/String;Ljava/util/Set;Lorg/springframework/beans/TypeConverter;)Ljava/lang/Object;+108
j  org.springframework.beans.factory.annotation.AutowiredAnnotationBeanPostProcessor$AutowiredFieldElement.inject(Ljava/lang/Object;Ljava/lang/String;Lorg/springframework/beans/PropertyValues;)V+115
j  org.springframework.beans.factory.annotation.InjectionMetadata.inject(Ljava/lang/Object;Ljava/lang/String;Lorg/springframework/beans/PropertyValues;)V+116
j  org.springframework.beans.factory.annotation.AutowiredAnnotationBeanPostProcessor.postProcessProperties(Lorg/springframework/beans/PropertyValues;Ljava/lang/Object;Ljava/lang/String;)Lorg/springframework/beans/PropertyValues;+17
j  org.springframework.beans.factory.support.AbstractAutowireCapableBeanFactory.populateBean(Ljava/lang/String;Lorg/springframework/beans/factory/support/RootBeanDefinition;Lorg/springframework/beans/BeanWrapper;)V+305
j  org.springframework.beans.factory.support.AbstractAutowireCapableBeanFactory.doCreateBean(Ljava/lang/String;Lorg/springframework/beans/factory/support/RootBeanDefinition;[Ljava/lang/Object;)Ljava/lang/Object;+237
j  org.springframework.beans.factory.support.AbstractAutowireCapableBeanFactory.createBean(Ljava/lang/String;Lorg/springframework/beans/factory/support/RootBeanDefinition;[Ljava/lang/Object;)Ljava/lang/Object;+169
j  org.springframework.beans.factory.support.AbstractBeanFactory.lambda$doGetBean$0(Ljava/lang/String;Lorg/springframework/beans/factory/support/RootBeanDefinition;[Ljava/lang/Object;)Ljava/lang/Object;+4
j  org.springframework.beans.factory.support.AbstractBeanFactory$$Lambda$141.getObject()Ljava/lang/Object;+16
j  org.springframework.beans.factory.support.DefaultSingletonBeanRegistry.getSingleton(Ljava/lang/String;Lorg/springframework/beans/factory/ObjectFactory;)Ljava/lang/Object;+132
j  org.springframework.beans.factory.support.AbstractBeanFactory.doGetBean(Ljava/lang/String;Ljava/lang/Class;[Ljava/lang/Object;Z)Ljava/lang/Object;+467
j  org.springframework.beans.factory.support.AbstractBeanFactory.getBean(Ljava/lang/String;)Ljava/lang/Object;+5
j  org.springframework.beans.factory.support.DefaultListableBeanFactory.preInstantiateSingletons()V+248
j  org.springframework.context.support.AbstractApplicationContext.finishBeanFactoryInitialization(Lorg/springframework/beans/factory/config/ConfigurableListableBeanFactory;)V+124
j  org.springframework.context.support.AbstractApplicationContext.refresh()V+54
j  org.springframework.boot.web.servlet.context.ServletWebServerApplicationContext.refresh()V+1
j  org.springframework.boot.SpringApplication.refresh(Lorg/springframework/context/ApplicationContext;)V+10
j  org.springframework.boot.SpringApplication.refreshContext(Lorg/springframework/context/ConfigurableApplicationContext;)V+2
j  org.springframework.boot.SpringApplication.run([Ljava/lang/String;)Lorg/springframework/context/ConfigurableApplicationContext;+118
j  org.springframework.boot.SpringApplication.run([Ljava/lang/Class;[Ljava/lang/String;)Lorg/springframework/context/ConfigurableApplicationContext;+9
j  org.springframework.boot.SpringApplication.run(Ljava/lang/Class;[Ljava/lang/String;)Lorg/springframework/context/ConfigurableApplicationContext;+9
j  com.group7.SpringbootApplication.main([Ljava/lang/String;)V+6
v  ~StubRoutines::call_stub
j  sun.reflect.NativeMethodAccessorImpl.invoke0(Ljava/lang/reflect/Method;Ljava/lang/Object;[Ljava/lang/Object;)Ljava/lang/Object;+0
j  sun.reflect.NativeMethodAccessorImpl.invoke(Ljava/lang/Object;[Ljava/lang/Object;)Ljava/lang/Object;+100
j  sun.reflect.DelegatingMethodAccessorImpl.invoke(Ljava/lang/Object;[Ljava/lang/Object;)Ljava/lang/Object;+6
j  java.lang.reflect.Method.invoke(Ljava/lang/Object;[Ljava/lang/Object;)Ljava/lang/Object;+56
j  org.springframework.boot.devtools.restart.RestartLauncher.run()V+41
v  ~StubRoutines::call_stub

---------------  P R O C E S S  ---------------

Java Threads: ( => current thread )
  0x0000000017720800 JavaThread "container-0" [_thread_blocked, id=5212, stack(0x000000001a590000,0x000000001a690000)]
  0x0000000017727800 JavaThread "ContainerBackgroundProcessor[StandardEngine[Tomcat]]" daemon [_thread_blocked, id=8512, stack(0x000000001a490000,0x000000001a590000)]
  0x0000000017723000 JavaThread "logback-1" daemon [_thread_blocked, id=12784, stack(0x0000000018d90000,0x0000000018e90000)]
=>0x0000000015b1f000 JavaThread "restartedMain" [_thread_in_vm, id=10784, stack(0x0000000018490000,0x0000000018590000)]
  0x0000000015b1e000 JavaThread "Thread-2" [_thread_blocked, id=7368, stack(0x0000000018390000,0x0000000018490000)]
  0x0000000016212000 JavaThread "RMI Scheduler(0)" daemon [_thread_blocked, id=11396, stack(0x00000000172c0000,0x00000000173c0000)]
  0x000000001649e800 JavaThread "RMI TCP Connection(2)-127.0.0.1" daemon [_thread_in_native, id=9580, stack(0x0000000017110000,0x0000000017210000)]
  0x000000001649a800 JavaThread "RMI TCP Connection(1)-127.0.0.1" daemon [_thread_in_native, id=5840, stack(0x0000000016e10000,0x0000000016f10000)]
  0x0000000016432800 JavaThread "RMI TCP Accept-0" daemon [_thread_in_native, id=11388, stack(0x0000000016c10000,0x0000000016d10000)]
  0x00000000163c7800 JavaThread "RMI TCP Accept-58930" daemon [_thread_in_native, id=9696, stack(0x0000000016b10000,0x0000000016c10000)]
  0x00000000163bf800 JavaThread "RMI TCP Accept-0" daemon [_thread_in_native, id=6736, stack(0x0000000016a10000,0x0000000016b10000)]
  0x0000000015f0a000 JavaThread "Service Thread" daemon [_thread_blocked, id=12172, stack(0x0000000016910000,0x0000000016a10000)]
  0x0000000015f07000 JavaThread "C1 CompilerThread1" daemon [_thread_blocked, id=2916, stack(0x0000000016010000,0x0000000016110000)]
  0x0000000015eb0000 JavaThread "C2 CompilerThread0" daemon [_thread_blocked, id=9020, stack(0x0000000015f10000,0x0000000016010000)]
  0x000000001495e000 JavaThread "JDWP Command Reader" daemon [_thread_in_native, id=6020, stack(0x0000000015a10000,0x0000000015b10000)]
  0x000000001495c800 JavaThread "JDWP Event Helper Thread" daemon [_thread_blocked, id=9912, stack(0x0000000015910000,0x0000000015a10000)]
  0x000000001494d000 JavaThread "JDWP Transport Listener: dt_socket" daemon [_thread_blocked, id=5172, stack(0x0000000015810000,0x0000000015910000)]
  0x0000000014948800 JavaThread "Attach Listener" daemon [_thread_blocked, id=1124, stack(0x0000000015710000,0x0000000015810000)]
  0x00000000148ed000 JavaThread "Signal Dispatcher" daemon [_thread_blocked, id=13284, stack(0x0000000015610000,0x0000000015710000)]
  0x00000000148c8800 JavaThread "Finalizer" daemon [_thread_blocked, id=2228, stack(0x0000000015510000,0x0000000015610000)]
  0x0000000002862800 JavaThread "Reference Handler" daemon [_thread_blocked, id=936, stack(0x0000000015410000,0x0000000015510000)]
  0x0000000002777000 JavaThread "main" [_thread_blocked, id=2156, stack(0x00000000023e0000,0x00000000024e0000)]

Other Threads:
  0x00000000148a6000 VMThread [stack: 0x0000000015310000,0x0000000015410000] [id=1128]
  0x0000000016433800 WatcherThread [stack: 0x0000000016d10000,0x0000000016e10000] [id=248]

VM state:not at safepoint (normal execution)

VM Mutex/Monitor currently owned by a thread: None

Heap:
 PSYoungGen      total 111104K, used 22009K [0x00000000ed980000, 0x00000000f6000000, 0x0000000100000000)
  eden space 109568K, 20% used [0x00000000ed980000,0x00000000eeefe440,0x00000000f4480000)
  from space 1536K, 0% used [0x00000000f5080000,0x00000000f5080000,0x00000000f5200000)
  to   space 12288K, 0% used [0x00000000f4480000,0x00000000f4480000,0x00000000f5080000)
 ParOldGen       total 68096K, used 21252K [0x00000000c8c00000, 0x00000000cce80000, 0x00000000ed980000)
  object space 68096K, 31% used [0x00000000c8c00000,0x00000000ca0c1190,0x00000000cce80000)
 Metaspace       used 36200K, capacity 37794K, committed 38144K, reserved 1083392K
  class space    used 4710K, capacity 5037K, committed 5120K, reserved 1048576K

Card table byte_map: [0x0000000011d30000,0x0000000011ef0000] byte_map_base: 0x00000000116ea000

Marking Bits: (ParMarkBitMap*) 0x000000006a400860
 Begin Bits: [0x0000000012220000, 0x0000000012ff0000)
 End Bits:   [0x0000000012ff0000, 0x0000000013dc0000)

Polling page: 0x0000000001ed0000

CodeCache: size=245760Kb used=7787Kb max_used=7787Kb free=237972Kb
 bounds [0x0000000002970000, 0x0000000003110000, 0x0000000011970000]
 total_blobs=3987 nmethods=3527 adapters=380
 compilation: enabled

Compilation events (10 events):
Event: 10.671 Thread 0x0000000015f07000 3526       1       oracle.sql.TableClass::put (21 bytes)
Event: 10.672 Thread 0x0000000015f07000 nmethod 3526 0x0000000003108cd0 code [0x0000000003108e40, 0x0000000003108fd8]
Event: 10.676 Thread 0x0000000015f07000 3527       1       oracle.security.o5logon.b::a (30 bytes)
Event: 10.676 Thread 0x0000000015f07000 nmethod 3527 0x0000000003109950 code [0x0000000003109aa0, 0x0000000003109bd0]
Event: 10.676 Thread 0x0000000015f07000 3528       1       oracle.security.o5logon.b::a (51 bytes)
Event: 10.677 Thread 0x0000000015f07000 nmethod 3528 0x0000000003109c50 code [0x0000000003109da0, 0x0000000003109f30]
Event: 10.677 Thread 0x0000000015f07000 3529       1       oracle.security.o5logon.b::a (8 bytes)
Event: 10.677 Thread 0x0000000015f07000 nmethod 3529 0x000000000310a050 code [0x000000000310a1c0, 0x000000000310a308]
Event: 10.684 Thread 0x0000000015f07000 3530       1       oracle.jdbc.driver.T4CSocketInputStreamWrapper::read (61 bytes)
Event: 10.684 Thread 0x0000000015f07000 nmethod 3530 0x000000000310a610 code [0x000000000310a780, 0x000000000310a948]

GC Heap History (10 events):
Event: 3.365 GC heap before
{Heap before GC invocations=8 (full 1):
 PSYoungGen      total 64512K, used 2930K [0x00000000ed980000, 0x00000000f5780000, 0x0000000100000000)
  eden space 58368K, 0% used [0x00000000ed980000,0x00000000ed980000,0x00000000f1280000)
  from space 6144K, 47% used [0x00000000f1280000,0x00000000f155c880,0x00000000f1880000)
  to   space 6144K, 0% used [0x00000000f5180000,0x00000000f5180000,0x00000000f5780000)
 ParOldGen       total 38400K, used 9948K [0x00000000c8c00000, 0x00000000cb180000, 0x00000000ed980000)
  object space 38400K, 25% used [0x00000000c8c00000,0x00000000c95b70f0,0x00000000cb180000)
 Metaspace       used 20648K, capacity 21170K, committed 21296K, reserved 1067008K
  class space    used 2707K, capacity 2866K, committed 2944K, reserved 1048576K
Event: 3.558 GC heap after
Heap after GC invocations=8 (full 1):
 PSYoungGen      total 64512K, used 0K [0x00000000ed980000, 0x00000000f5780000, 0x0000000100000000)
  eden space 58368K, 0% used [0x00000000ed980000,0x00000000ed980000,0x00000000f1280000)
  from space 6144K, 0% used [0x00000000f1280000,0x00000000f1280000,0x00000000f1880000)
  to   space 6144K, 0% used [0x00000000f5180000,0x00000000f5180000,0x00000000f5780000)
 ParOldGen       total 36864K, used 10202K [0x00000000c8c00000, 0x00000000cb000000, 0x00000000ed980000)
  object space 36864K, 27% used [0x00000000c8c00000,0x00000000c95f6ad0,0x00000000cb000000)
 Metaspace       used 20648K, capacity 21170K, committed 21296K, reserved 1067008K
  class space    used 2707K, capacity 2866K, committed 2944K, reserved 1048576K
}
Event: 5.474 GC heap before
{Heap before GC invocations=9 (full 1):
 PSYoungGen      total 64512K, used 58368K [0x00000000ed980000, 0x00000000f5780000, 0x0000000100000000)
  eden space 58368K, 100% used [0x00000000ed980000,0x00000000f1280000,0x00000000f1280000)
  from space 6144K, 0% used [0x00000000f1280000,0x00000000f1280000,0x00000000f1880000)
  to   space 6144K, 0% used [0x00000000f5180000,0x00000000f5180000,0x00000000f5780000)
 ParOldGen       total 36864K, used 10202K [0x00000000c8c00000, 0x00000000cb000000, 0x00000000ed980000)
  object space 36864K, 27% used [0x00000000c8c00000,0x00000000c95f6ad0,0x00000000cb000000)
 Metaspace       used 23553K, capacity 24352K, committed 24704K, reserved 1071104K
  class space    used 3117K, capacity 3332K, committed 3456K, reserved 1048576K
Event: 5.497 GC heap after
Heap after GC invocations=9 (full 1):
 PSYoungGen      total 86016K, used 5531K [0x00000000ed980000, 0x00000000f5700000, 0x0000000100000000)
  eden space 80384K, 0% used [0x00000000ed980000,0x00000000ed980000,0x00000000f2800000)
  from space 5632K, 98% used [0x00000000f5180000,0x00000000f56e6d28,0x00000000f5700000)
  to   space 6656K, 0% used [0x00000000f4a00000,0x00000000f4a00000,0x00000000f5080000)
 ParOldGen       total 36864K, used 10210K [0x00000000c8c00000, 0x00000000cb000000, 0x00000000ed980000)
  object space 36864K, 27% used [0x00000000c8c00000,0x00000000c95f8ad0,0x00000000cb000000)
 Metaspace       used 23553K, capacity 24352K, committed 24704K, reserved 1071104K
  class space    used 3117K, capacity 3332K, committed 3456K, reserved 1048576K
}
Event: 7.951 GC heap before
{Heap before GC invocations=10 (full 1):
 PSYoungGen      total 86016K, used 85915K [0x00000000ed980000, 0x00000000f5700000, 0x0000000100000000)
  eden space 80384K, 100% used [0x00000000ed980000,0x00000000f2800000,0x00000000f2800000)
  from space 5632K, 98% used [0x00000000f5180000,0x00000000f56e6d28,0x00000000f5700000)
  to   space 6656K, 0% used [0x00000000f4a00000,0x00000000f4a00000,0x00000000f5080000)
 ParOldGen       total 36864K, used 10210K [0x00000000c8c00000, 0x00000000cb000000, 0x00000000ed980000)
  object space 36864K, 27% used [0x00000000c8c00000,0x00000000c95f8ad0,0x00000000cb000000)
 Metaspace       used 27627K, capacity 28614K, committed 28928K, reserved 1075200K
  class space    used 3728K, capacity 3977K, committed 4096K, reserved 1048576K
Event: 7.966 GC heap after
Heap after GC invocations=10 (full 1):
 PSYoungGen      total 102912K, used 6633K [0x00000000ed980000, 0x00000000f5200000, 0x0000000100000000)
  eden space 96256K, 0% used [0x00000000ed980000,0x00000000ed980000,0x00000000f3780000)
  from space 6656K, 99% used [0x00000000f4a00000,0x00000000f507a518,0x00000000f5080000)
  to   space 1536K, 0% used [0x00000000f5080000,0x00000000f5080000,0x00000000f5200000)
 ParOldGen       total 36864K, used 12646K [0x00000000c8c00000, 0x00000000cb000000, 0x00000000ed980000)
  object space 36864K, 34% used [0x00000000c8c00000,0x00000000c9859aa0,0x00000000cb000000)
 Metaspace       used 27627K, capacity 28614K, committed 28928K, reserved 1075200K
  class space    used 3728K, capacity 3977K, committed 4096K, reserved 1048576K
}
Event: 10.252 GC heap before
{Heap before GC invocations=11 (full 1):
 PSYoungGen      total 102912K, used 92425K [0x00000000ed980000, 0x00000000f5200000, 0x0000000100000000)
  eden space 96256K, 89% used [0x00000000ed980000,0x00000000f2d47f10,0x00000000f3780000)
  from space 6656K, 99% used [0x00000000f4a00000,0x00000000f507a518,0x00000000f5080000)
  to   space 1536K, 0% used [0x00000000f5080000,0x00000000f5080000,0x00000000f5200000)
 ParOldGen       total 36864K, used 12646K [0x00000000c8c00000, 0x00000000cb000000, 0x00000000ed980000)
  object space 36864K, 34% used [0x00000000c8c00000,0x00000000c9859aa0,0x00000000cb000000)
 Metaspace       used 33760K, capacity 35270K, committed 35456K, reserved 1079296K
  class space    used 4534K, capacity 4867K, committed 4992K, reserved 1048576K
Event: 10.274 GC heap after
Heap after GC invocations=11 (full 1):
 PSYoungGen      total 111104K, used 1520K [0x00000000ed980000, 0x00000000f6000000, 0x0000000100000000)
  eden space 109568K, 0% used [0x00000000ed980000,0x00000000ed980000,0x00000000f4480000)
  from space 1536K, 98% used [0x00000000f5080000,0x00000000f51fc190,0x00000000f5200000)
  to   space 12288K, 0% used [0x00000000f4480000,0x00000000f4480000,0x00000000f5080000)
 ParOldGen       total 36864K, used 27630K [0x00000000c8c00000, 0x00000000cb000000, 0x00000000ed980000)
  object space 36864K, 74% used [0x00000000c8c00000,0x00000000ca6fbb30,0x00000000cb000000)
 Metaspace       used 33760K, capacity 35270K, committed 35456K, reserved 1079296K
  class space    used 4534K, capacity 4867K, committed 4992K, reserved 1048576K
}
Event: 10.274 GC heap before
{Heap before GC invocations=12 (full 2):
 PSYoungGen      total 111104K, used 1520K [0x00000000ed980000, 0x00000000f6000000, 0x0000000100000000)
  eden space 109568K, 0% used [0x00000000ed980000,0x00000000ed980000,0x00000000f4480000)
  from space 1536K, 98% used [0x00000000f5080000,0x00000000f51fc190,0x00000000f5200000)
  to   space 12288K, 0% used [0x00000000f4480000,0x00000000f4480000,0x00000000f5080000)
 ParOldGen       total 36864K, used 27630K [0x00000000c8c00000, 0x00000000cb000000, 0x00000000ed980000)
  object space 36864K, 74% used [0x00000000c8c00000,0x00000000ca6fbb30,0x00000000cb000000)
 Metaspace       used 33760K, capacity 35270K, committed 35456K, reserved 1079296K
  class space    used 4534K, capacity 4867K, committed 4992K, reserved 1048576K
Event: 10.389 GC heap after
Heap after GC invocations=12 (full 2):
 PSYoungGen      total 111104K, used 0K [0x00000000ed980000, 0x00000000f6000000, 0x0000000100000000)
  eden space 109568K, 0% used [0x00000000ed980000,0x00000000ed980000,0x00000000f4480000)
  from space 1536K, 0% used [0x00000000f5080000,0x00000000f5080000,0x00000000f5200000)
  to   space 12288K, 0% used [0x00000000f4480000,0x00000000f4480000,0x00000000f5080000)
 ParOldGen       total 68096K, used 21252K [0x00000000c8c00000, 0x00000000cce80000, 0x00000000ed980000)
  object space 68096K, 31% used [0x00000000c8c00000,0x00000000ca0c1190,0x00000000cce80000)
 Metaspace       used 33760K, capacity 35270K, committed 35456K, reserved 1079296K
  class space    used 4534K, capacity 4867K, committed 4992K, reserved 1048576K
}

Deoptimization events (0 events):
No events

Classes redefined (0 events):
No events

Internal exceptions (10 events):
Event: 10.461 Thread 0x0000000015b1f000 Exception <a 'java/lang/ArrayIndexOutOfBoundsException'> (0x00000000ee104c70) thrown at [C:\re\workspace\8-2-build-windows-amd64-cygwin\jdk8u152\9742\hotspot\src\share\vm\runtime\sharedRuntime.cpp, line 605]
Event: 10.461 Thread 0x0000000015b1f000 Exception <a 'java/lang/ArrayIndexOutOfBoundsException'> (0x00000000ee107c28) thrown at [C:\re\workspace\8-2-build-windows-amd64-cygwin\jdk8u152\9742\hotspot\src\share\vm\runtime\sharedRuntime.cpp, line 605]
Event: 10.462 Thread 0x0000000015b1f000 Exception <a 'java/lang/ArrayIndexOutOfBoundsException'> (0x00000000ee10fbb8) thrown at [C:\re\workspace\8-2-build-windows-amd64-cygwin\jdk8u152\9742\hotspot\src\share\vm\runtime\sharedRuntime.cpp, line 605]
Event: 10.463 Thread 0x0000000015b1f000 Exception <a 'java/lang/ArrayIndexOutOfBoundsException'> (0x00000000ee131650) thrown at [C:\re\workspace\8-2-build-windows-amd64-cygwin\jdk8u152\9742\hotspot\src\share\vm\runtime\sharedRuntime.cpp, line 605]
Event: 10.464 Thread 0x0000000015b1f000 Exception <a 'java/lang/ArrayIndexOutOfBoundsException'> (0x00000000ee1399d8) thrown at [C:\re\workspace\8-2-build-windows-amd64-cygwin\jdk8u152\9742\hotspot\src\share\vm\runtime\sharedRuntime.cpp, line 605]
Event: 10.465 Thread 0x0000000015b1f000 Exception <a 'java/lang/ArrayIndexOutOfBoundsException'> (0x00000000ee14a4b0) thrown at [C:\re\workspace\8-2-build-windows-amd64-cygwin\jdk8u152\9742\hotspot\src\share\vm\runtime\sharedRuntime.cpp, line 605]
Event: 10.471 Thread 0x0000000015b1f000 Exception <a 'java/lang/ArrayIndexOutOfBoundsException'> (0x00000000ee1975b0) thrown at [C:\re\workspace\8-2-build-windows-amd64-cygwin\jdk8u152\9742\hotspot\src\share\vm\runtime\sharedRuntime.cpp, line 605]
Event: 10.474 Thread 0x0000000015b1f000 Exception <a 'java/lang/ArrayIndexOutOfBoundsException'> (0x00000000ee1cdea0) thrown at [C:\re\workspace\8-2-build-windows-amd64-cygwin\jdk8u152\9742\hotspot\src\share\vm\runtime\sharedRuntime.cpp, line 605]
Event: 10.475 Thread 0x0000000015b1f000 Exception <a 'java/lang/ArrayIndexOutOfBoundsException'> (0x00000000ee1f5fa8) thrown at [C:\re\workspace\8-2-build-windows-amd64-cygwin\jdk8u152\9742\hotspot\src\share\vm\runtime\sharedRuntime.cpp, line 605]
Event: 10.476 Thread 0x0000000015b1f000 Exception <a 'java/lang/ArrayIndexOutOfBoundsException'> (0x00000000ee2084a0) thrown at [C:\re\workspace\8-2-build-windows-amd64-cygwin\jdk8u152\9742\hotspot\src\share\vm\runtime\sharedRuntime.cpp, line 605]

Events (10 events):
Event: 10.704 Thread 0x0000000015b1f000 DEOPT PACKING pc=0x0000000002b41efc sp=0x0000000018582b00
Event: 10.704 Thread 0x0000000015b1f000 DEOPT UNPACKING pc=0x00000000029b747f sp=0x0000000018582920 mode 1
Event: 10.707 loading class oracle/jdbc/internal/OraclePreparedStatement
Event: 10.707 loading class oracle/jdbc/internal/OraclePreparedStatement done
Event: 10.707 Thread 0x0000000015b1f000 DEOPT PACKING pc=0x0000000002b93ec9 sp=0x0000000018584ed0
Event: 10.707 Thread 0x0000000015b1f000 DEOPT UNPACKING pc=0x00000000029b747f sp=0x0000000018584c20 mode 1
Event: 10.707 Thread 0x0000000015b1f000 DEOPT PACKING pc=0x0000000002b41fb4 sp=0x0000000018584f50
Event: 10.708 Thread 0x0000000015b1f000 DEOPT UNPACKING pc=0x00000000029b747f sp=0x0000000018584d70 mode 1
Event: 10.708 Thread 0x0000000015b1f000 DEOPT PACKING pc=0x0000000002b41efc sp=0x00000000185850e0
Event: 10.708 Thread 0x0000000015b1f000 DEOPT UNPACKING pc=0x00000000029b747f sp=0x0000000018584f00 mode 1


Dynamic libraries:
0x00007ff63aa90000 - 0x00007ff63aac7000 	D:\java1.8\bin\java.exe
0x00007ffb94540000 - 0x00007ffb94721000 	C:\WINDOWS\SYSTEM32\ntdll.dll
0x00007ffb94450000 - 0x00007ffb94502000 	C:\WINDOWS\System32\KERNEL32.DLL
0x00007ffb90910000 - 0x00007ffb90b83000 	C:\WINDOWS\System32\KERNELBASE.dll
0x00007ffb93f70000 - 0x00007ffb94011000 	C:\WINDOWS\System32\ADVAPI32.dll
0x00007ffb91b10000 - 0x00007ffb91bae000 	C:\WINDOWS\System32\msvcrt.dll
0x00007ffb91a80000 - 0x00007ffb91adb000 	C:\WINDOWS\System32\sechost.dll
0x00007ffb94020000 - 0x00007ffb94144000 	C:\WINDOWS\System32\RPCRT4.dll
0x00007ffb91c60000 - 0x00007ffb91df0000 	C:\WINDOWS\System32\USER32.dll
0x00007ffb90b90000 - 0x00007ffb90bb0000 	C:\WINDOWS\System32\win32u.dll
0x00007ffb91ae0000 - 0x00007ffb91b08000 	C:\WINDOWS\System32\GDI32.dll
0x00007ffb913f0000 - 0x00007ffb91582000 	C:\WINDOWS\System32\gdi32full.dll
0x00007ffb91590000 - 0x00007ffb9162f000 	C:\WINDOWS\System32\msvcp_win.dll
0x00007ffb91880000 - 0x00007ffb9197a000 	C:\WINDOWS\System32\ucrtbase.dll
0x00007ffb79270000 - 0x00007ffb794d9000 	C:\WINDOWS\WinSxS\amd64_microsoft.windows.common-controls_6595b64144ccf1df_6.0.17134.407_none_fb449d63306391e9\COMCTL32.dll
0x00007ffb91f90000 - 0x00007ffb922b2000 	C:\WINDOWS\System32\combase.dll
0x00007ffb912c0000 - 0x00007ffb9133a000 	C:\WINDOWS\System32\bcryptPrimitives.dll
0x00007ffb91a50000 - 0x00007ffb91a7d000 	C:\WINDOWS\System32\IMM32.DLL
0x000000006a480000 - 0x000000006a552000 	D:\java1.8\jre\bin\msvcr100.dll
0x0000000069be0000 - 0x000000006a480000 	D:\java1.8\jre\bin\server\jvm.dll
0x00007ffb92320000 - 0x00007ffb92328000 	C:\WINDOWS\System32\PSAPI.DLL
0x00007ffb863d0000 - 0x00007ffb863d9000 	C:\WINDOWS\SYSTEM32\WSOCK32.dll
0x00007ffb942f0000 - 0x00007ffb9435c000 	C:\WINDOWS\System32\WS2_32.dll
0x00007ffb8ebb0000 - 0x00007ffb8ebd3000 	C:\WINDOWS\SYSTEM32\WINMM.dll
0x00007ffb853d0000 - 0x00007ffb853da000 	C:\WINDOWS\SYSTEM32\VERSION.dll
0x00007ffb8eb30000 - 0x00007ffb8eb5a000 	C:\WINDOWS\SYSTEM32\WINMMBASE.dll
0x00007ffb91980000 - 0x00007ffb919c9000 	C:\WINDOWS\System32\cfgmgr32.dll
0x0000000069bd0000 - 0x0000000069bdf000 	D:\java1.8\jre\bin\verify.dll
0x0000000069ba0000 - 0x0000000069bc9000 	D:\java1.8\jre\bin\java.dll
0x0000000069b40000 - 0x0000000069b75000 	D:\java1.8\jre\bin\jdwp.dll
0x0000000069b30000 - 0x0000000069b38000 	D:\java1.8\jre\bin\npt.dll
0x0000000069b00000 - 0x0000000069b23000 	D:\java1.8\jre\bin\instrument.dll
0x0000000069b80000 - 0x0000000069b96000 	D:\java1.8\jre\bin\zip.dll
0x00007ffb92780000 - 0x00007ffb93bbf000 	C:\WINDOWS\System32\SHELL32.dll
0x00007ffb91bb0000 - 0x00007ffb91c59000 	C:\WINDOWS\System32\shcore.dll
0x00007ffb90bb0000 - 0x00007ffb912bd000 	C:\WINDOWS\System32\windows.storage.dll
0x00007ffb93bc0000 - 0x00007ffb93c11000 	C:\WINDOWS\System32\shlwapi.dll
0x00007ffb908a0000 - 0x00007ffb908b1000 	C:\WINDOWS\System32\kernel.appcore.dll
0x00007ffb908f0000 - 0x00007ffb9090f000 	C:\WINDOWS\System32\profapi.dll
0x00007ffb90850000 - 0x00007ffb9089c000 	C:\WINDOWS\System32\powrprof.dll
0x00007ffb908c0000 - 0x00007ffb908ca000 	C:\WINDOWS\System32\FLTLIB.DLL
0x0000000069af0000 - 0x0000000069af9000 	D:\java1.8\jre\bin\dt_socket.dll
0x00007ffb90070000 - 0x00007ffb900d6000 	C:\WINDOWS\system32\mswsock.dll
0x0000000069ae0000 - 0x0000000069aed000 	D:\java1.8\jre\bin\management.dll
0x0000000069ac0000 - 0x0000000069ada000 	D:\java1.8\jre\bin\net.dll
0x0000000069aa0000 - 0x0000000069ab1000 	D:\java1.8\jre\bin\nio.dll
0x00007ffb714b0000 - 0x00007ffb714c6000 	C:\WINDOWS\system32\napinsp.dll
0x00007ffb713f0000 - 0x00007ffb7140a000 	C:\WINDOWS\system32\pnrpnsp.dll
0x00007ffb8d090000 - 0x00007ffb8d0a9000 	C:\WINDOWS\system32\NLAapi.dll
0x00007ffb8fe30000 - 0x00007ffb8feee000 	C:\WINDOWS\SYSTEM32\DNSAPI.dll
0x00007ffb93c20000 - 0x00007ffb93c28000 	C:\WINDOWS\System32\NSI.dll
0x00007ffb8fdf0000 - 0x00007ffb8fe28000 	C:\WINDOWS\SYSTEM32\IPHLPAPI.DLL
0x00007ffb71380000 - 0x00007ffb7138e000 	C:\WINDOWS\System32\winrnr.dll
0x00007ffb87040000 - 0x00007ffb8704a000 	C:\Windows\System32\rasadhlp.dll
0x00007ffb873b0000 - 0x00007ffb87422000 	C:\WINDOWS\System32\fwpuclnt.dll
0x00007ffb903b0000 - 0x00007ffb903d5000 	C:\WINDOWS\SYSTEM32\bcrypt.dll
0x00007ffb90230000 - 0x00007ffb90247000 	C:\WINDOWS\SYSTEM32\CRYPTSP.dll
0x00007ffb8fc50000 - 0x00007ffb8fc83000 	C:\WINDOWS\system32\rsaenh.dll
0x00007ffb90750000 - 0x00007ffb90778000 	C:\WINDOWS\SYSTEM32\USERENV.dll
0x00007ffb90220000 - 0x00007ffb9022b000 	C:\WINDOWS\SYSTEM32\CRYPTBASE.dll
0x00007ffb87790000 - 0x00007ffb877a6000 	C:\WINDOWS\SYSTEM32\dhcpcsvc6.DLL
0x00007ffb87770000 - 0x00007ffb8778a000 	C:\WINDOWS\SYSTEM32\dhcpcsvc.DLL
0x0000000180000000 - 0x000000018020e000 	D:\tomcat\apache-tomcat-7.0.82\bin\tcnative-1.dll

VM Arguments:
jvm_args: -agentlib:jdwp=transport=dt_socket,address=127.0.0.1:58933,suspend=y,server=n -XX:TieredStopAtLevel=1 -Xverify:none -Dspring.output.ansi.enabled=always -Dcom.sun.management.jmxremote -Dcom.sun.management.jmxremote.port=58930 -Dcom.sun.management.jmxremote.authenticate=false -Dcom.sun.management.jmxremote.ssl=false -Djava.rmi.server.hostname=localhost -Dspring.liveBeansView.mbeanDomain -Dspring.application.admin.enabled=true -javaagent:C:\Users\haotian\.IntelliJIdea2018.2\system\captureAgent\debugger-agent.jar=file:/C:/Users/haotian/AppData/Local/Temp/capture.props -Dfile.encoding=UTF-8 
java_command: com.group7.SpringbootApplication
java_class_path (initial): D:\java1.8\jre\lib\charsets.jar;D:\java1.8\jre\lib\deploy.jar;D:\java1.8\jre\lib\ext\access-bridge-64.jar;D:\java1.8\jre\lib\ext\cldrdata.jar;D:\java1.8\jre\lib\ext\dnsns.jar;D:\java1.8\jre\lib\ext\jaccess.jar;D:\java1.8\jre\lib\ext\jfxrt.jar;D:\java1.8\jre\lib\ext\localedata.jar;D:\java1.8\jre\lib\ext\nashorn.jar;D:\java1.8\jre\lib\ext\sunec.jar;D:\java1.8\jre\lib\ext\sunjce_provider.jar;D:\java1.8\jre\lib\ext\sunmscapi.jar;D:\java1.8\jre\lib\ext\sunpkcs11.jar;D:\java1.8\jre\lib\ext\zipfs.jar;D:\java1.8\jre\lib\javaws.jar;D:\java1.8\jre\lib\jce.jar;D:\java1.8\jre\lib\jfr.jar;D:\java1.8\jre\lib\jfxswt.jar;D:\java1.8\jre\lib\jsse.jar;D:\java1.8\jre\lib\management-agent.jar;D:\java1.8\jre\lib\plugin.jar;D:\java1.8\jre\lib\resources.jar;D:\java1.8\jre\lib\rt.jar;E:\P2P\P2P-Project\target\classes;E:\maven_local_repository\org\springframework\boot\spring-boot-starter-aop\2.1.0.RELEASE\spring-boot-starter-aop-2.1.0.RELEASE.jar;E:\maven_local_repository\org\springframework\boot\spring-boot-starter\2.1.0.RELEASE\spring-boot-starter-2.1.0.RELEASE.jar;E:\maven_local_repository\org\springframework\boot\spring-boot-starter-logging\2.1.0.RELEASE\spring-boot-starter-logging-2.1.0.RELEASE.jar;E:\maven_local_repository\javax\annotation\javax.annotation-api\1.3.2\javax.annotation-api-1.3.2.jar;E:\maven_local_repository\org\yaml\snakeyaml\1.23\snakeyaml-1.23.jar;E:\maven_local_repository\org\springframework\spring-aop\5.1.2.RELEASE\spring-aop-5.1.2.RELEASE.jar;E:\maven_local_repository\org\springframework\spring-beans\5.1.2.RELEASE\spring-beans-5.1.2.RELEASE.jar;E:\maven_local_repository\org\aspectj\aspectjweaver\1.9.2\aspectjweaver-1.9.2.jar;E:\maven_local_repository\org\springframework\boot\spring-boot-starter-thymeleaf\2.1.0.RELEASE\spring-boot-starter-thymeleaf-2.1.0.RELEASE.jar;E:\maven_local_repository\org\thymeleaf\thymeleaf-spring5\3.0.11.RELEASE\thymeleaf-spring5-3.0.11.RELEASE.jar;E:\maven_local_repository\org\thymeleaf\thymeleaf\3.0.11.RELEASE\
Launcher Type: SUN_STANDARD

Environment Variables:
JAVA_HOME=D:\java1.8
CLASSPATH=D:\java1.8\lib\dt.jar;D:\java1.8\lib\tools.jar
PATH=D:\oracle11g\product\11.2.0\dbhome_1\BIN;.;D:\java1.8\bin;D:\java1.8\jre\bin;D:\tomcat\apache-tomcat-7.0.82\bin;E:\maven\apache-maven-3.5.4\bin;D:\mysql\MySQL Server 5.6\bin;C:\Program Files (x86)\NVIDIA Corporation\PhysX\Common;C:\WINDOWS\system32;C:\WINDOWS;C:\WINDOWS\System32\Wbem;C:\WINDOWS\System32\WindowsPowerShell\v1.0\;C:\WINDOWS\System32\OpenSSH\;E:\Putty\;E:\Git\Git\cmd;E:\NodeJS\;E:\NodeJS\node_global;E:\Redis;C:\Users\haotian\AppData\Local\Microsoft\WindowsApps;C:\Users\haotian\AppData\Roaming\npm
USERNAME=haotian
OS=Windows_NT
PROCESSOR_IDENTIFIER=Intel64 Family 6 Model 158 Stepping 9, GenuineIntel



---------------  S Y S T E M  ---------------

OS: Windows 10.0 , 64 bit Build 17134 (10.0.17134.1)

CPU:total 2 (initial active 2) (2 cores per cpu, 1 threads per core) family 6 model 158 stepping 9, cmov, cx8, fxsr, mmx, sse, sse2, sse3, ssse3, sse4.1, sse4.2, popcnt, aes, clmul, erms, 3dnowpref, lzcnt, tsc, tscinvbit

Memory: 4k page, physical 3619048k(349668k free), swap 8760328k(2168k free)

vm_info: Java HotSpot(TM) 64-Bit Server VM (25.152-b16) for windows-amd64 JRE (1.8.0_152-b16), built on Sep 14 2017 02:29:36 by "java_re" with MS VC++ 10.0 (VS2010)

time: Wed Nov 28 18:35:07 2018
elapsed time: 10 seconds (0d 0h 0m 10s)

